<?xml version="1.0" encoding="UTF-8"?>
<!-- Generated by org.testng.reporters.JUnitXMLReporter -->
<testsuite hostname="d1-wenbing-zhu" name="test1" tests="3" failures="0" timestamp="17 Jun 2016 01:00:44 GMT" time="132.129" errors="0">
  <testcase name="testMailLogin" time="27.282" classname="cn.gloryorad.testScripts.TestMail126Login"/>
  <testcase name="testAddressBook" time="36.443" classname="cn.gloryorad.testScripts.TestMail126AddContactPerson"/>
  <testcase name="testAddressBook" time="35.875" classname="cn.gloryorad.testScripts.TestMail126Send"/>
</testsuite> <!-- test1 -->
