<?xml version="1.0" encoding="UTF-8"?>
<!-- Generated by org.testng.reporters.JUnitXMLReporter -->
<testsuite hostname="d1-wenbing-zhu" name="test1" tests="2" failures="1" timestamp="1 Jun 2016 00:11:45 GMT" time="60.726" errors="0">
  <testcase name="testMailLogin" time="14.62" classname="cn.gloryorad.testScripts.TestMail126Login">
    <failure type="java.lang.AssertionError" message="expected [true] but found [false]">
      <![CDATA[java.lang.AssertionError: expected [true] but found [false]
	at cn.gloryorad.testScripts.TestMail126Login.testMailLogin(TestMail126Login.java:39)
... Removed 28 stack frames]]>
    </failure>
  </testcase> <!-- testMailLogin -->
  <testcase name="testAddressBook" time="32.235" classname="cn.gloryorad.testScripts.TestMail126AddContactPerson"/>
</testsuite> <!-- test1 -->
