<?xml version="1.0" encoding="UTF-8"?>
<testng-results skipped="0" failed="0" total="1" passed="1">
  <reporter-output>
  </reporter-output>
  <suite name="Default suite" duration-ms="129889" started-at="2016-06-15T01:45:38Z" finished-at="2016-06-15T01:47:48Z">
    <groups>
    </groups>
    <test name="Default test" duration-ms="129889" started-at="2016-06-15T01:45:38Z" finished-at="2016-06-15T01:47:48Z">
      <class name="cn.gloryorad.testScripts.TestMail126Send">
        <test-method status="PASS" signature="BeforeClass()[pri:0, instance:cn.gloryorad.testScripts.TestMail126Send@75007685]" name="BeforeClass" is-config="true" duration-ms="575" started-at="2016-06-15T09:45:38Z" finished-at="2016-06-15T09:45:39Z">
          <reporter-output>
          </reporter-output>
        </test-method> <!-- BeforeClass -->
        <test-method status="PASS" signature="beforeMethod()[pri:0, instance:cn.gloryorad.testScripts.TestMail126Send@75007685]" name="beforeMethod" is-config="true" duration-ms="4909" started-at="2016-06-15T09:45:39Z" finished-at="2016-06-15T09:45:43Z">
          <reporter-output>
          </reporter-output>
        </test-method> <!-- beforeMethod -->
        <test-method status="PASS" signature="testAddressBook(java.lang.String, java.lang.String, java.lang.String, java.lang.String, java.lang.String, java.lang.String, java.lang.String)[pri:0, instance:cn.gloryorad.testScripts.TestMail126Send@75007685]" name="testAddressBook" duration-ms="124346" started-at="2016-06-15T09:45:43Z" data-provider="testData" finished-at="2016-06-15T09:47:48Z">
          <params>
            <param index="0">
              <value>
                <![CDATA[1]]>
              </value>
            </param>
            <param index="1">
              <value>
                <![CDATA[sendmail]]>
              </value>
            </param>
            <param index="2">
              <value>
                <![CDATA[flashfurm]]>
              </value>
            </param>
            <param index="3">
              <value>
                <![CDATA[zwb888888]]>
              </value>
            </param>
            <param index="4">
              <value>
                <![CDATA[xiaozhuzhu7586@126.com]]>
              </value>
            </param>
            <param index="5">
              <value>
                <![CDATA[你好！]]>
              </value>
            </param>
            <param index="6">
              <value>
                <![CDATA[发送成功]]>
              </value>
            </param>
          </params>
          <reporter-output>
          </reporter-output>
        </test-method> <!-- testAddressBook -->
        <test-method status="PASS" signature="afterMethod()[pri:0, instance:cn.gloryorad.testScripts.TestMail126Send@75007685]" name="afterMethod" is-config="true" duration-ms="0" started-at="2016-06-15T09:47:48Z" finished-at="2016-06-15T09:47:48Z">
          <reporter-output>
          </reporter-output>
        </test-method> <!-- afterMethod -->
      </class> <!-- cn.gloryorad.testScripts.TestMail126Send -->
    </test> <!-- Default test -->
  </suite> <!-- Default suite -->
</testng-results>
